<?xml version="1.0" encoding="UTF-8"?>
<!-- Generated by org.testng.reporters.JUnitReportReporter -->
<testsuite skipped="0" hostname="MACPRO115.local" name="runner.TestRunner" tests="1" failures="0" timestamp="28 May 2020 15:06:54 GMT" time="79.278" errors="0">
  <testcase name="runScenario" time="79.278" classname="runner.TestRunner"/>
</testsuite> <!-- runner.TestRunner -->
