<?xml version="1.0" encoding="UTF-8"?>
<!-- Generated by org.testng.reporters.JUnitReportReporter -->
<testsuite hostname="NODE990" name="runner.TestRunner" tests="1" failures="0" timestamp="18 Jun 2020 12:52:24 GMT" time="0.005" errors="0">
  <testcase name="runtest" time="0.005" classname="runner.TestRunner"/>
</testsuite> <!-- runner.TestRunner -->
