<?xml version="1.0" encoding="UTF-8"?>
<!-- Generated by org.testng.reporters.JUnitReportReporter -->
<testsuite hostname="NODE990" name="runner.TestRunner" tests="2" failures="0" timestamp="18 Jun 2020 13:50:54 GMT" time="0.662" errors="0">
  <testcase name="runScenario" time="0.661" classname="runner.TestRunner"/>
  <testcase name="runtest" time="0.001" classname="runner.TestRunner"/>
</testsuite> <!-- runner.TestRunner -->
